<?xml version="1.0" encoding="UTF-8"?>
<!-- Generated by org.testng.reporters.JUnitReportReporter -->
<testsuite name="APITesting.com.org.api.PostRequest" tests="2" time="6.438" ignored="0" failures="0" timestamp="09 Nov 2017 23:27:28 GMT" skipped="0" hostname="Geek" errors="0">
  <testcase name="test1" time="5.923" classname="APITesting.com.org.api.PostRequest"/>
  <testcase name="test2" time="0.515" classname="APITesting.com.org.api.PostRequest"/>
</testsuite> <!-- APITesting.com.org.api.PostRequest -->
