<?xml version="1.0" encoding="UTF-8"?>
<!-- Generated by org.testng.reporters.JUnitReportReporter -->
<testsuite name="APITesting.com.org.api.WeatherGetRequest" tests="7" time="17.221" ignored="0" failures="0" timestamp="03 Nov 2017 19:48:10 GMT" skipped="0" hostname="Geek" errors="0">
  <testcase name="getreqcityid" time="0.151" classname="APITesting.com.org.api.WeatherGetRequest"/>
  <testcase name="getreqassert" time="0.365" classname="APITesting.com.org.api.WeatherGetRequest"/>
  <testcase name="printweather" time="0.149" classname="APITesting.com.org.api.WeatherGetRequest"/>
  <testcase name="getreqparam" time="0.113" classname="APITesting.com.org.api.WeatherGetRequest"/>
  <testcase name="convertAPI" time="16.105" classname="APITesting.com.org.api.WeatherGetRequest"/>
  <testcase name="getreq" time="0.211" classname="APITesting.com.org.api.WeatherGetRequest"/>
  <testcase name="getreqresp" time="0.127" classname="APITesting.com.org.api.WeatherGetRequest"/>
</testsuite> <!-- APITesting.com.org.api.WeatherGetRequest -->
