<?xml version="1.0" encoding="UTF-8"?>
<!-- Generated by org.testng.reporters.JUnitReportReporter -->
<testsuite name="APITesting.com.org.api.WeatherGetRequest" tests="1" time="5.726" ignored="0" failures="0" timestamp="31 Oct 2017 20:03:26 GMT" skipped="0" hostname="Geek" errors="0">
  <testcase name="convertAPI" time="5.726" classname="APITesting.com.org.api.WeatherGetRequest"/>
</testsuite> <!-- APITesting.com.org.api.WeatherGetRequest -->
