<?xml version="1.0" encoding="UTF-8"?>
<!-- Generated by org.testng.reporters.JUnitReportReporter -->
<testsuite name="APITesting.com.org.api.WeatherGetRequest" tests="7" time="2.960" ignored="0" failures="0" timestamp="09 Nov 2017 23:01:19 GMT" skipped="0" hostname="Geek" errors="0">
  <testcase name="getreqresp" time="0.085" classname="APITesting.com.org.api.WeatherGetRequest"/>
  <testcase name="getreqcityid" time="0.088" classname="APITesting.com.org.api.WeatherGetRequest"/>
  <testcase name="getreqassert" time="0.102" classname="APITesting.com.org.api.WeatherGetRequest"/>
  <testcase name="convertAPI" time="2.324" classname="APITesting.com.org.api.WeatherGetRequest"/>
  <testcase name="getreqparam" time="0.087" classname="APITesting.com.org.api.WeatherGetRequest"/>
  <testcase name="getreq" time="0.156" classname="APITesting.com.org.api.WeatherGetRequest"/>
  <testcase name="printweather" time="0.118" classname="APITesting.com.org.api.WeatherGetRequest"/>
</testsuite> <!-- APITesting.com.org.api.WeatherGetRequest -->
