<?xml version="1.0" encoding="UTF-8"?>
<!-- Generated by org.testng.reporters.JUnitReportReporter -->
<testsuite name="APITesting.com.org.api.GoogleApi" tests="1" time="7.607" ignored="0" failures="0" timestamp="10 Nov 2017 00:14:13 GMT" skipped="0" hostname="Geek" errors="0">
  <testcase name="test1" time="7.607" classname="APITesting.com.org.api.GoogleApi"/>
</testsuite> <!-- APITesting.com.org.api.GoogleApi -->
