<?xml version="1.0" encoding="UTF-8"?>
<!-- Generated by org.testng.reporters.JUnitReportReporter -->
<testsuite name="APITesting.com.org.api.PostProperties" tests="1" time="0.796" ignored="0" failures="0" timestamp="09 Nov 2017 23:01:19 GMT" skipped="0" hostname="Geek" errors="0">
  <testcase name="test1" time="0.796" classname="APITesting.com.org.api.PostProperties"/>
</testsuite> <!-- APITesting.com.org.api.PostProperties -->
