<?xml version="1.0" encoding="UTF-8"?>
<!-- Generated by org.testng.reporters.JUnitReportReporter -->
<testsuite name="APITesting.com.org.api.JIRAApi" tests="1" time="16.799" ignored="0" failures="0" timestamp="09 Nov 2017 23:01:19 GMT" skipped="0" hostname="Geek" errors="0">
  <testcase name="createIssue" time="16.799" classname="APITesting.com.org.api.JIRAApi"/>
</testsuite> <!-- APITesting.com.org.api.JIRAApi -->
