<?xml version="1.0" encoding="UTF-8"?>
<!-- Generated by org.testng.reporters.JUnitReportReporter -->
<testsuite name="APITesting.com.org.api.JsonServerRequests" tests="1" time="3.362" ignored="0" failures="0" timestamp="01 Nov 2017 16:37:57 GMT" skipped="0" hostname="Geek" errors="0">
  <testcase name="test7" time="3.362" classname="APITesting.com.org.api.JsonServerRequests"/>
</testsuite> <!-- APITesting.com.org.api.JsonServerRequests -->
